<?xml version="1.0" encoding="UTF-8"?>
<testsuites name="SmokeTest" time="54.221" tests="2" failures="0" errors="0">
   <testsuite name="SmokeTest" tests="2" failures="0" errors="0" time="54.221" timestamp="2020-07-22 18:04:11" hostname="Bharat Thanikanti - LT-A0329" id="Test Suites/SmokeTest">
      <properties>
         <property name="deviceName" value=""/>
         <property name="devicePlatform" value=""/>
         <property name="logFolder" value="C:\\Users\\Bharat Thanikanti\\git\\KS_Jenkins_DemoTest\\Reports\\20200722_180400\\SmokeTest\\20200722_180400"/>
         <property name="logFiles" value="C:\\Users\\Bharat Thanikanti\\git\\KS_Jenkins_DemoTest\\Reports\\20200722_180400\\SmokeTest\\20200722_180400\\execution0.log"/>
         <property name="attachments" value=""/>
         <property name="hostName" value="Bharat Thanikanti - LT-A0329"/>
         <property name="os" value="Windows 10 64bit"/>
         <property name="katalonVersion" value="7.5.5.1"/>
         <property name="browser" value="Chrome 84.0.4147.89"/>
         <property name="hostAddress" value="192.168.20.233"/>
         <property name="sessionId" value="5d5353241132896eea243f671a594ec0"/>
         <property name="seleniumVersion" value="3.141.59"/>
         <property name="proxyInformation" value="ProxyInformation { proxyOption=NO_PROXY, proxyServerType=HTTP, username=, password=********, proxyServerAddress=, proxyServerPort=0, executionList=\&quot;\&quot;, isApplyToDesiredCapabilities=true }"/>
         <property name="platform" value="Windows 10"/>
      </properties>
      <testcase name="Test Cases/LoginTestCase" time="27.648" classname="Test Cases/LoginTestCase" status="PASSED">
         <system-out><![CDATA[2020-07-22 18:04:12 - [TEST_CASE][PASSED] - Test Cases/LoginTestCase: Test Cases/LoginTestCase

2020-07-22 18:04:12 - [TEST_STEP][PASSED] - openBrowser(""): Browser is opened with url: ''

2020-07-22 18:04:13 - [MESSAGE][INFO] - Starting 'Chrome' driver

2020-07-22 18:04:13 - [MESSAGE][INFO] - Action delay is set to 0 milliseconds

2020-07-22 18:04:19 - [MESSAGE][PASSED] - Browser is opened with url: ''

2020-07-22 18:04:19 - [TEST_STEP][PASSED] - navigateToUrl("http://192.168.1.6:8090/prweb/PRServlet/app/DevopsSample/_56mEsR4RqBouCrZGfkkFF8v406BUOZt*/!STANDARD"): Navigate to 'http://192.168.1.6:8090/prweb/PRServlet/app/DevopsSample/_56mEsR4RqBouCrZGfkkFF8v406BUOZt*/!STANDARD' successfully

2020-07-22 18:04:23 - [MESSAGE][PASSED] - Navigate to 'http://192.168.1.6:8090/prweb/PRServlet/app/DevopsSample/_56mEsR4RqBouCrZGfkkFF8v406BUOZt*/!STANDARD' successfully

2020-07-22 18:04:23 - [TEST_STEP][PASSED] - maximizeWindow(): Current window maximized

2020-07-22 18:04:25 - [MESSAGE][PASSED] - Current window maximized

2020-07-22 18:04:25 - [TEST_STEP][PASSED] - setText(findTestObject("Object Repository/LoginTestCase_OR/Page_Pega Platform/input_User name_UserIdentifier"), "Bharat"): Text 'Bharat' is set on object 'Object Repository/LoginTestCase_OR/Page_Pega Platform/input_User name_UserIdentifier'

2020-07-22 18:04:26 - [MESSAGE][PASSED] - Text 'Bharat' is set on object 'Object Repository/LoginTestCase_OR/Page_Pega Platform/input_User name_UserIdentifier'

2020-07-22 18:04:26 - [TEST_STEP][PASSED] - setEncryptedText(findTestObject("Object Repository/LoginTestCase_OR/Page_Pega Platform/input_Password_Password"), "JfCkZ5kjaUM="): Text ****** has been set on object 'Object Repository/LoginTestCase_OR/Page_Pega Platform/input_Password_Password'

2020-07-22 18:04:27 - [MESSAGE][PASSED] - Text ****** has been set on object 'Object Repository/LoginTestCase_OR/Page_Pega Platform/input_Password_Password'

2020-07-22 18:04:27 - [TEST_STEP][PASSED] - click(findTestObject("Object Repository/LoginTestCase_OR/Page_Pega Platform/span_Log in")): Object: 'Object Repository/LoginTestCase_OR/Page_Pega Platform/span_Log in' is clicked on

2020-07-22 18:04:36 - [MESSAGE][PASSED] - Object: 'Object Repository/LoginTestCase_OR/Page_Pega Platform/span_Log in' is clicked on

2020-07-22 18:04:36 - [TEST_STEP][PASSED] - verifyElementPresent(findTestObject("Object Repository/LoginTestCase_OR/Page_Pega Dev Studio/i_B"), 0): Object 'Object Repository/LoginTestCase_OR/Page_Pega Dev Studio/i_B' is present

2020-07-22 18:04:36 - [MESSAGE][WARNING] - Timeout '0' is invalid. Using default page load timeout: '30'

2020-07-22 18:04:39 - [MESSAGE][PASSED] - Object 'Object Repository/LoginTestCase_OR/Page_Pega Dev Studio/i_B' is present

2020-07-22 18:04:39 - [TEST_STEP][PASSED] - closeBrowser(): Browser is closed

2020-07-22 18:04:39 - [MESSAGE][PASSED] - Browser is closed]]></system-out>
         <system-err><![CDATA[]]></system-err>
      </testcase>
      <testcase name="Test Cases/LogOutTestCase" time="26.019" classname="Test Cases/LogOutTestCase" status="PASSED">
         <system-out><![CDATA[2020-07-22 18:04:39 - [TEST_CASE][PASSED] - Test Cases/LogOutTestCase: Test Cases/LogOutTestCase

2020-07-22 18:04:40 - [TEST_STEP][PASSED] - openBrowser(""): Browser is opened with url: ''

2020-07-22 18:04:40 - [MESSAGE][INFO] - Starting 'Chrome' driver

2020-07-22 18:04:40 - [MESSAGE][INFO] - Action delay is set to 0 milliseconds

2020-07-22 18:04:44 - [MESSAGE][PASSED] - Browser is opened with url: ''

2020-07-22 18:04:44 - [TEST_STEP][PASSED] - navigateToUrl("http://192.168.1.6:8090/prweb/PRServlet/app/DevopsSample/_56mEsR4RqBouCrZGfkkFF8v406BUOZt*/!STANDARD"): Navigate to 'http://192.168.1.6:8090/prweb/PRServlet/app/DevopsSample/_56mEsR4RqBouCrZGfkkFF8v406BUOZt*/!STANDARD' successfully

2020-07-22 18:04:46 - [MESSAGE][PASSED] - Navigate to 'http://192.168.1.6:8090/prweb/PRServlet/app/DevopsSample/_56mEsR4RqBouCrZGfkkFF8v406BUOZt*/!STANDARD' successfully

2020-07-22 18:04:46 - [TEST_STEP][PASSED] - maximizeWindow(): Current window maximized

2020-07-22 18:04:48 - [MESSAGE][PASSED] - Current window maximized

2020-07-22 18:04:48 - [TEST_STEP][PASSED] - setText(findTestObject("Object Repository/LogOutTestCase_OR/Page_Pega Platform/input_User name_UserIdentifier"), "Bharat"): Text 'Bharat' is set on object 'Object Repository/LogOutTestCase_OR/Page_Pega Platform/input_User name_UserIdentifier'

2020-07-22 18:04:49 - [MESSAGE][PASSED] - Text 'Bharat' is set on object 'Object Repository/LogOutTestCase_OR/Page_Pega Platform/input_User name_UserIdentifier'

2020-07-22 18:04:49 - [TEST_STEP][PASSED] - setEncryptedText(findTestObject("Object Repository/LogOutTestCase_OR/Page_Pega Platform/input_Password_Password"), "JfCkZ5kjaUM="): Text ****** has been set on object 'Object Repository/LogOutTestCase_OR/Page_Pega Platform/input_Password_Password'

2020-07-22 18:04:49 - [MESSAGE][PASSED] - Text ****** has been set on object 'Object Repository/LogOutTestCase_OR/Page_Pega Platform/input_Password_Password'

2020-07-22 18:04:49 - [TEST_STEP][PASSED] - click(findTestObject("Object Repository/LogOutTestCase_OR/Page_Pega Platform/button_Log in")): Object: 'Object Repository/LogOutTestCase_OR/Page_Pega Platform/button_Log in' is clicked on

2020-07-22 18:04:59 - [MESSAGE][PASSED] - Object: 'Object Repository/LogOutTestCase_OR/Page_Pega Platform/button_Log in' is clicked on

2020-07-22 18:04:59 - [TEST_STEP][PASSED] - click(findTestObject("Object Repository/LogOutTestCase_OR/Page_Pega Dev Studio/i_B")): Object: 'Object Repository/LogOutTestCase_OR/Page_Pega Dev Studio/i_B' is clicked on

2020-07-22 18:05:01 - [MESSAGE][PASSED] - Object: 'Object Repository/LogOutTestCase_OR/Page_Pega Dev Studio/i_B' is clicked on

2020-07-22 18:05:01 - [TEST_STEP][PASSED] - click(findTestObject("Object Repository/LogOutTestCase_OR/Page_Pega Dev Studio/span_Log off")): Object: 'Object Repository/LogOutTestCase_OR/Page_Pega Dev Studio/span_Log off' is clicked on

2020-07-22 18:05:04 - [MESSAGE][PASSED] - Object: 'Object Repository/LogOutTestCase_OR/Page_Pega Dev Studio/span_Log off' is clicked on

2020-07-22 18:05:04 - [TEST_STEP][PASSED] - verifyElementPresent(findTestObject("Object Repository/LogOutTestCase_OR/Page_Pega Platform/input_User name_UserIdentifier"), 0): Object 'Object Repository/LogOutTestCase_OR/Page_Pega Platform/input_User name_UserIdentifier' is present

2020-07-22 18:05:04 - [MESSAGE][WARNING] - Timeout '0' is invalid. Using default page load timeout: '30'

2020-07-22 18:05:05 - [MESSAGE][PASSED] - Object 'Object Repository/LogOutTestCase_OR/Page_Pega Platform/input_User name_UserIdentifier' is present

2020-07-22 18:05:05 - [TEST_STEP][PASSED] - closeBrowser(): Browser is closed

2020-07-22 18:05:05 - [MESSAGE][PASSED] - Browser is closed]]></system-out>
         <system-err><![CDATA[]]></system-err>
      </testcase>
      <system-out><![CDATA[2020-07-22 18:04:11 - [TEST_SUITE][PASSED] - SmokeTest: Test Cases/LogOutTestCase]]></system-out>
      <system-err><![CDATA[]]></system-err>
   </testsuite>
</testsuites>
